2024-01-14 23:14:07,234 - kedro.framework.session.session - INFO - Kedro project MyLovelyProject-main
2024-01-14 23:14:26,956 - kedro.io.data_catalog - INFO - Loading data from 'housing' (CSVDataset)...
2024-01-14 23:14:26,965 - kedro.runner.sequential_runner - WARNING - No nodes ran. Repeat the previous command to attempt a new run.
2024-01-14 23:15:30,035 - kedro.framework.session.session - INFO - Kedro project MyLovelyProject-main
2024-01-14 23:15:40,104 - kedro.io.data_catalog - INFO - Loading data from 'housing' (CSVDataset)...
2024-01-14 23:15:40,107 - kedro.runner.sequential_runner - WARNING - No nodes ran. Repeat the previous command to attempt a new run.
2024-01-14 23:16:39,656 - kedro.framework.session.session - INFO - Kedro project MyLovelyProject-main
2024-01-14 23:16:41,647 - kedro.io.data_catalog - INFO - Loading data from 'housing' (CSVDataset)...
2024-01-14 23:16:41,736 - kedro.pipeline.node - INFO - Running node: load_housing_data_node: load_housing_data([housing]) -> [raw_housing_data]
2024-01-14 23:16:41,800 - kedro.io.data_catalog - INFO - Saving data to 'raw_housing_data' (MemoryDataset)...
2024-01-14 23:16:41,826 - kedro.runner.sequential_runner - INFO - Completed 1 out of 8 tasks
2024-01-14 23:16:41,830 - kedro.io.data_catalog - INFO - Loading data from 'raw_housing_data' (MemoryDataset)...
2024-01-14 23:16:41,876 - kedro.pipeline.node - INFO - Running node: explore_housing_data_node: explore_housing_data([raw_housing_data]) -> [explored_housing_data]
2024-01-14 23:16:41,976 - kedro.io.data_catalog - INFO - Saving data to 'explored_housing_data' (MemoryDataset)...
2024-01-14 23:16:42,003 - kedro.runner.sequential_runner - INFO - Completed 2 out of 8 tasks
2024-01-14 23:16:42,005 - kedro.io.data_catalog - INFO - Loading data from 'explored_housing_data' (MemoryDataset)...
2024-01-14 23:16:42,046 - kedro.pipeline.node - INFO - Running node: prepare_data_node: prepare_data([explored_housing_data]) -> [X_train,y_train,X_test,y_test]
2024-01-14 23:16:42,115 - kedro.io.data_catalog - INFO - Saving data to 'X_train' (MemoryDataset)...
2024-01-14 23:16:42,118 - kedro.io.data_catalog - INFO - Saving data to 'y_train' (MemoryDataset)...
2024-01-14 23:16:42,122 - kedro.io.data_catalog - INFO - Saving data to 'X_test' (MemoryDataset)...
2024-01-14 23:16:42,125 - kedro.io.data_catalog - INFO - Saving data to 'y_test' (MemoryDataset)...
2024-01-14 23:16:42,129 - kedro.runner.sequential_runner - INFO - Completed 3 out of 8 tasks
2024-01-14 23:16:42,131 - kedro.io.data_catalog - INFO - Loading data from 'X_train' (MemoryDataset)...
2024-01-14 23:16:42,136 - kedro.pipeline.node - INFO - Running node: convert_feature_node: features_to_dataframe([X_train]) -> [housing_feature_df]
2024-01-14 23:16:42,170 - kedro.io.data_catalog - INFO - Saving data to 'housing_feature_df' (CSVDataset)...
2024-01-14 23:16:42,440 - kedro.runner.sequential_runner - INFO - Completed 4 out of 8 tasks
2024-01-14 23:16:42,442 - kedro.io.data_catalog - INFO - Loading data from 'X_train' (MemoryDataset)...
2024-01-14 23:16:42,444 - kedro.io.data_catalog - INFO - Loading data from 'y_train' (MemoryDataset)...
2024-01-14 23:16:42,449 - kedro.pipeline.node - INFO - Running node: train_model_with_pycaret_node: train_model_with_pycaret([X_train,y_train]) -> [best_model]
2024-01-14 23:17:29,942 - kedro.io.data_catalog - INFO - Saving data to 'best_model' (PickleDataSet)...
2024-01-14 23:17:29,948 - kedro.runner.sequential_runner - INFO - Completed 5 out of 8 tasks
2024-01-14 23:17:29,951 - kedro.io.data_catalog - INFO - Loading data from 'best_model' (PickleDataSet)...
2024-01-14 23:17:29,958 - kedro.pipeline.node - INFO - Running node: optimize_hyperparameters_node: optimize_model_hyperparameters([best_model]) -> [tuned_model]
2024-01-14 23:17:31,194 - kedro.io.data_catalog - INFO - Saving data to 'tuned_model' (PickleDataSet)...
2024-01-14 23:17:31,197 - kedro.runner.sequential_runner - INFO - Completed 6 out of 8 tasks
2024-01-14 23:17:31,198 - kedro.io.data_catalog - INFO - Loading data from 'tuned_model' (PickleDataSet)...
2024-01-14 23:17:31,201 - kedro.io.data_catalog - INFO - Loading data from 'X_test' (MemoryDataset)...
2024-01-14 23:17:31,204 - kedro.pipeline.node - INFO - Running node: predict_node: predict_pycaret([tuned_model,X_test]) -> [predictions]
2024-01-14 23:17:31,381 - kedro.io.data_catalog - INFO - Saving data to 'predictions' (MemoryDataset)...
2024-01-14 23:17:31,403 - kedro.runner.sequential_runner - INFO - Completed 7 out of 8 tasks
2024-01-14 23:17:31,406 - kedro.io.data_catalog - INFO - Loading data from 'predictions' (MemoryDataset)...
2024-01-14 23:17:31,444 - kedro.pipeline.node - INFO - Running node: convert_predictions_node: predictions_to_dataframe([predictions]) -> [predictions_df]
2024-01-14 23:17:31,472 - kedro.io.data_catalog - INFO - Saving data to 'predictions_df' (CSVDataset)...
2024-01-14 23:17:31,492 - kedro.runner.sequential_runner - INFO - Completed 8 out of 8 tasks
2024-01-14 23:17:31,495 - kedro.runner.sequential_runner - INFO - Pipeline execution completed successfully.
2024-01-14 23:17:31,496 - kedro.io.data_catalog - INFO - Loading data from 'y_test' (MemoryDataset)...
